=================================================================
==117781==ERROR: AddressSanitizer: heap-buffer-overflow on address 0x7fda21102380 at pc 0x5628dc691d34 bp 0x7ffda5e72100 sp 0x7ffda5e720f8
READ of size 1 at 0x7fda21102380 thread T0
    #0 0x5628dc691d33 in CmpStrEnd(void const*, void const*) /home/victor/Dev/Onegin/sort.cpp:228
    #1 0x7fda20a5fb92 in __interceptor_qsort_r ../../../../src/libsanitizer/sanitizer_common/sanitizer_common_interceptors.inc:10055
    #2 0x5628dc68f9da in tProcess /home/victor/Dev/Onegin/main.cpp:64
    #3 0x5628dc68f591 in main /home/victor/Dev/Onegin/main.cpp:28
    #4 0x7fda208461c9  (/lib/x86_64-linux-gnu/libc.so.6+0x271c9)
    #5 0x7fda20846284 in __libc_start_main (/lib/x86_64-linux-gnu/libc.so.6+0x27284)
    #6 0x5628dc68f2c0 in _start (/home/victor/Dev/Onegin/onegin+0x82c0)

0x7fda21102380 is located 0 bytes to the right of 203648-byte region [0x7fda210d0800,0x7fda21102380)
allocated by thread T0 here:
    #0 0x7fda20ab83b7 in __interceptor_calloc ../../../../src/libsanitizer/asan/asan_malloc_linux.cpp:77
    #1 0x5628dc6926f6 in readtext(char*) /home/victor/Dev/Onegin/textlib.cpp:15
    #2 0x5628dc68f7ca in tProcess /home/victor/Dev/Onegin/main.cpp:43
    #3 0x5628dc68f591 in main /home/victor/Dev/Onegin/main.cpp:28
    #4 0x7fda208461c9  (/lib/x86_64-linux-gnu/libc.so.6+0x271c9)

SUMMARY: AddressSanitizer: heap-buffer-overflow /home/victor/Dev/Onegin/sort.cpp:228 in CmpStrEnd(void const*, void const*)
Shadow bytes around the buggy address:
  0x0ffbc4218420: 00 00 00 00 00 00 00 00 00 00 00 00 00 00 00 00
  0x0ffbc4218430: 00 00 00 00 00 00 00 00 00 00 00 00 00 00 00 00
  0x0ffbc4218440: 00 00 00 00 00 00 00 00 00 00 00 00 00 00 00 00
  0x0ffbc4218450: 00 00 00 00 00 00 00 00 00 00 00 00 00 00 00 00
  0x0ffbc4218460: 00 00 00 00 00 00 00 00 00 00 00 00 00 00 00 00
=>0x0ffbc4218470:[fa]fa fa fa fa fa fa fa fa fa fa fa fa fa fa fa
  0x0ffbc4218480: fa fa fa fa fa fa fa fa fa fa fa fa fa fa fa fa
  0x0ffbc4218490: fa fa fa fa fa fa fa fa fa fa fa fa fa fa fa fa
  0x0ffbc42184a0: fa fa fa fa fa fa fa fa fa fa fa fa fa fa fa fa
  0x0ffbc42184b0: fa fa fa fa fa fa fa fa fa fa fa fa fa fa fa fa
  0x0ffbc42184c0: fa fa fa fa fa fa fa fa fa fa fa fa fa fa fa fa
Shadow byte legend (one shadow byte represents 8 application bytes):
  Addressable:           00
  Partially addressable: 01 02 03 04 05 06 07 
  Heap left redzone:       fa
  Freed heap region:       fd
  Stack left redzone:      f1
  Stack mid redzone:       f2
  Stack right redzone:     f3
  Stack after return:      f5
  Stack use after scope:   f8
  Global redzone:          f9
  Global init order:       f6
  Poisoned by user:        f7
  Container overflow:      fc
  Array cookie:            ac
  Intra object redzone:    bb
  ASan internal:           fe
  Left alloca redzone:     ca
  Right alloca redzone:    cb
==117781==ABORTING
